============================= test session starts ==============================
platform linux -- Python 3.10.13, pytest-7.4.3, pluggy-1.3.0
rootdir: /home/julian/Documents/Uni/HiWi/IPSuite
plugins: jaxtyping-0.2.23, hydra-core-1.3.2, dvc-3.23.0, typeguard-2.13.3, anyio-4.0.0
collected 4 items

ipsuite/calculators/lammps.py .                                          [ 25%]
ipsuite/configuration_generation/packmol.py .                            [ 50%]
ipsuite/utils/combine.py FF                                              [100%]

=================================== FAILURES ===================================
___________ [doctest] ipsuite.utils.combine.get_flat_data_from_dict ____________
119     data : dict
120         Dictionary of lists.
121     silent_ignore : bool, optional
122         If True, the function will return the input if it is not a
123         dictionary. If False, it will raise a TypeError.
124 
125     Example
126     -------
127         >>> data = {'a': [1, 2, 3], 'b': [4, 5, 6]}
128         >>> get_flat_data_from_dict(data)
Expected nothing
Got:
    [1, 2, 3, 4, 5, 6]

/home/julian/Documents/Uni/HiWi/IPSuite/ipsuite/utils/combine.py:128: DocTestFailure
_______________ [doctest] ipsuite.utils.combine.get_ids_per_key ________________
154         'get_flat_data_from_dict(data)' data. If the ids aren't sorted,
155         they will be sorted.
156     silent_ignore : bool, optional
157         If True, the function will return the input if it is not a
158         dictionary. If False, it will raise a TypeError.
159 
160     Example
161     -------
162         >>> data = {'a': [1, 2, 3], 'b': [4, 5, 6]}
163         >>> get_ids_per_key(data, [0, 1, 3, 5])
Expected nothing
Got:
    {'a': [0, 1], 'b': [0, 2]}

/home/julian/Documents/Uni/HiWi/IPSuite/ipsuite/utils/combine.py:163: DocTestFailure
=============================== warnings summary ===============================
ipsuite/base/base.py:38
  /home/julian/Documents/Uni/HiWi/IPSuite/ipsuite/base/base.py:38: DeprecationWarning: Use 'zntrack.deps_path' instead.
    data_file: str = zntrack.dvc.deps(None)

ipsuite/base/base.py:91
  /home/julian/Documents/Uni/HiWi/IPSuite/ipsuite/base/base.py:91: DeprecationWarning: Use 'zntrack.deps_path' instead.
    data_file: str = zntrack.dvc.deps(None)

ipsuite/base/base.py:92
  /home/julian/Documents/Uni/HiWi/IPSuite/ipsuite/base/base.py:92: DeprecationWarning: Use 'zntrack.params' instead.
    data_id: typing.Optional[int] = zntrack.zn.params(0)

ipsuite/base/base.py:163
  /home/julian/Documents/Uni/HiWi/IPSuite/ipsuite/base/base.py:163: DeprecationWarning: Use 'zntrack.outs' instead.
    molecules: list[ase.Atoms] = zntrack.zn.outs()

ipsuite/base/base.py:164
  /home/julian/Documents/Uni/HiWi/IPSuite/ipsuite/base/base.py:164: DeprecationWarning: Use 'zntrack.params' instead.
    frozen: bool = zntrack.zn.params(False)

ipsuite/analysis/ensemble.py:60
  /home/julian/Documents/Uni/HiWi/IPSuite/ipsuite/analysis/ensemble.py:60: DeprecationWarning: Use 'zntrack.outs_path' instead.
    normal_plot_path = zntrack.dvc.outs(zntrack.nwd / "normal_plot.png")

ipsuite/analysis/ensemble.py:61
  /home/julian/Documents/Uni/HiWi/IPSuite/ipsuite/analysis/ensemble.py:61: DeprecationWarning: Use 'zntrack.outs_path' instead.
    sorted_plot_path = zntrack.dvc.outs(zntrack.nwd / "sorted_plot.png")

ipsuite/analysis/ensemble.py:62
  /home/julian/Documents/Uni/HiWi/IPSuite/ipsuite/analysis/ensemble.py:62: DeprecationWarning: Use 'zntrack.outs_path' instead.
    histogram = zntrack.dvc.outs(zntrack.nwd / "histogram.png")

ipsuite/analysis/ensemble.py:64
  /home/julian/Documents/Uni/HiWi/IPSuite/ipsuite/analysis/ensemble.py:64: DeprecationWarning: Use 'zntrack.outs' instead.
    prediction_list = zntrack.zn.outs()

ipsuite/analysis/ensemble.py:65
  /home/julian/Documents/Uni/HiWi/IPSuite/ipsuite/analysis/ensemble.py:65: DeprecationWarning: Use 'zntrack.outs' instead.
    predictions: typing.List[ase.Atoms] = zntrack.zn.outs()

ipsuite/analysis/ensemble.py:67
  /home/julian/Documents/Uni/HiWi/IPSuite/ipsuite/analysis/ensemble.py:67: DeprecationWarning: Use 'zntrack.params' instead.
    bins: int = zntrack.zn.params(100)

ipsuite/models/base.py:20
  /home/julian/Documents/Uni/HiWi/IPSuite/ipsuite/models/base.py:20: DeprecationWarning: Use 'zntrack.params' instead.
    use_energy: bool = zntrack.zn.params(True)

ipsuite/models/base.py:21
  /home/julian/Documents/Uni/HiWi/IPSuite/ipsuite/models/base.py:21: DeprecationWarning: Use 'zntrack.params' instead.
    use_forces: bool = zntrack.zn.params(True)

ipsuite/models/base.py:22
  /home/julian/Documents/Uni/HiWi/IPSuite/ipsuite/models/base.py:22: DeprecationWarning: Use 'zntrack.params' instead.
    use_stresses: bool = zntrack.zn.params(False)

ipsuite/analysis/model/dynamics.py:51
  /home/julian/Documents/Uni/HiWi/IPSuite/ipsuite/analysis/model/dynamics.py:51: DeprecationWarning: Use 'zntrack.outs_path' instead.
    model_outs = zntrack.dvc.outs(zntrack.nwd / "model/")

ipsuite/analysis/model/dynamics.py:53
  /home/julian/Documents/Uni/HiWi/IPSuite/ipsuite/analysis/model/dynamics.py:53: DeprecationWarning: Use 'zntrack.params' instead.
    logspace: bool = zntrack.zn.params(True)

ipsuite/analysis/model/dynamics.py:54
  /home/julian/Documents/Uni/HiWi/IPSuite/ipsuite/analysis/model/dynamics.py:54: DeprecationWarning: Use 'zntrack.params' instead.
    stop: float = zntrack.zn.params(3.0)

ipsuite/analysis/model/dynamics.py:55
  /home/julian/Documents/Uni/HiWi/IPSuite/ipsuite/analysis/model/dynamics.py:55: DeprecationWarning: Use 'zntrack.params' instead.
    factor: float = zntrack.zn.params(0.001)

ipsuite/analysis/model/dynamics.py:56
  /home/julian/Documents/Uni/HiWi/IPSuite/ipsuite/analysis/model/dynamics.py:56: DeprecationWarning: Use 'zntrack.params' instead.
    num: int = zntrack.zn.params(100)

ipsuite/analysis/model/dynamics.py:58
  /home/julian/Documents/Uni/HiWi/IPSuite/ipsuite/analysis/model/dynamics.py:58: DeprecationWarning: Use 'zntrack.params' instead.
    seed: int = zntrack.zn.params(1234)

ipsuite/analysis/model/dynamics.py:59
  /home/julian/Documents/Uni/HiWi/IPSuite/ipsuite/analysis/model/dynamics.py:59: DeprecationWarning: Use 'zntrack.plots' instead.
    energies: pd.DataFrame = zntrack.zn.plots(

ipsuite/analysis/model/dynamics.py:115
  /home/julian/Documents/Uni/HiWi/IPSuite/ipsuite/analysis/model/dynamics.py:115: DeprecationWarning: Use 'zntrack.outs_path' instead.
    model_outs = zntrack.dvc.outs(zntrack.nwd / "model")

ipsuite/analysis/model/dynamics.py:118
  /home/julian/Documents/Uni/HiWi/IPSuite/ipsuite/analysis/model/dynamics.py:118: DeprecationWarning: Use 'zntrack.params' instead.
    stop: float = zntrack.zn.params(2.0)

ipsuite/analysis/model/dynamics.py:119
  /home/julian/Documents/Uni/HiWi/IPSuite/ipsuite/analysis/model/dynamics.py:119: DeprecationWarning: Use 'zntrack.params' instead.
    num: int = zntrack.zn.params(100)

ipsuite/analysis/model/dynamics.py:120
  /home/julian/Documents/Uni/HiWi/IPSuite/ipsuite/analysis/model/dynamics.py:120: DeprecationWarning: Use 'zntrack.params' instead.
    start: float = zntrack.zn.params(1)

ipsuite/analysis/model/dynamics.py:122
  /home/julian/Documents/Uni/HiWi/IPSuite/ipsuite/analysis/model/dynamics.py:122: DeprecationWarning: Use 'zntrack.outs_path' instead.
    plot = zntrack.dvc.outs(zntrack.nwd / "energy.png")

ipsuite/analysis/model/dynamics.py:124
  /home/julian/Documents/Uni/HiWi/IPSuite/ipsuite/analysis/model/dynamics.py:124: DeprecationWarning: Use 'zntrack.plots' instead.
    energies: pd.DataFrame = zntrack.zn.plots(

ipsuite/analysis/model/dynamics.py:201
  /home/julian/Documents/Uni/HiWi/IPSuite/ipsuite/analysis/model/dynamics.py:201: DeprecationWarning: Use 'zntrack.params' instead.
    start_temperature: float = zntrack.zn.params()

ipsuite/analysis/model/dynamics.py:202
  /home/julian/Documents/Uni/HiWi/IPSuite/ipsuite/analysis/model/dynamics.py:202: DeprecationWarning: Use 'zntrack.params' instead.
    stop_temperature: float = zntrack.zn.params()

ipsuite/analysis/model/dynamics.py:203
  /home/julian/Documents/Uni/HiWi/IPSuite/ipsuite/analysis/model/dynamics.py:203: DeprecationWarning: Use 'zntrack.params' instead.
    steps: int = zntrack.zn.params()

ipsuite/analysis/model/dynamics.py:204
  /home/julian/Documents/Uni/HiWi/IPSuite/ipsuite/analysis/model/dynamics.py:204: DeprecationWarning: Use 'zntrack.params' instead.
    time_step: float = zntrack.zn.params(0.5)

ipsuite/analysis/model/dynamics.py:205
  /home/julian/Documents/Uni/HiWi/IPSuite/ipsuite/analysis/model/dynamics.py:205: DeprecationWarning: Use 'zntrack.params' instead.
    friction = zntrack.zn.params()

ipsuite/analysis/model/dynamics.py:206
  /home/julian/Documents/Uni/HiWi/IPSuite/ipsuite/analysis/model/dynamics.py:206: DeprecationWarning: Use 'zntrack.params' instead.
    repeat = zntrack.zn.params((1, 1, 1))

ipsuite/analysis/model/dynamics.py:208
  /home/julian/Documents/Uni/HiWi/IPSuite/ipsuite/analysis/model/dynamics.py:208: DeprecationWarning: Use 'zntrack.params' instead.
    max_temperature: float = zntrack.zn.params(None)

ipsuite/analysis/model/dynamics.py:210
  /home/julian/Documents/Uni/HiWi/IPSuite/ipsuite/analysis/model/dynamics.py:210: DeprecationWarning: Use 'zntrack.plots' instead.
    flux_data = zntrack.zn.plots()

ipsuite/analysis/model/dynamics.py:213
  /home/julian/Documents/Uni/HiWi/IPSuite/ipsuite/analysis/model/dynamics.py:213: DeprecationWarning: Use 'zntrack.outs_path' instead.
    model_outs = zntrack.dvc.outs(zntrack.nwd / "model")

ipsuite/analysis/model/dynamics.py:215
  /home/julian/Documents/Uni/HiWi/IPSuite/ipsuite/analysis/model/dynamics.py:215: DeprecationWarning: Use 'zntrack.outs_path' instead.
    plots = zntrack.dvc.outs(zntrack.nwd / "temperature.png")

ipsuite/analysis/model/dynamics.py:369
  /home/julian/Documents/Uni/HiWi/IPSuite/ipsuite/analysis/model/dynamics.py:369: DeprecationWarning: Use 'zntrack.outs_path' instead.
    model_outs = zntrack.dvc.outs(zntrack.nwd / "model_outs")

ipsuite/analysis/model/dynamics.py:370
  /home/julian/Documents/Uni/HiWi/IPSuite/ipsuite/analysis/model/dynamics.py:370: DeprecationWarning: Use 'zntrack.params' instead.
    max_steps: int = zntrack.zn.params()

ipsuite/analysis/model/dynamics.py:372
  /home/julian/Documents/Uni/HiWi/IPSuite/ipsuite/analysis/model/dynamics.py:372: DeprecationWarning: Use 'zntrack.params' instead.
    time_step: float = zntrack.zn.params(0.5)

ipsuite/analysis/model/dynamics.py:373
  /home/julian/Documents/Uni/HiWi/IPSuite/ipsuite/analysis/model/dynamics.py:373: DeprecationWarning: Use 'zntrack.params' instead.
    initial_temperature: float = zntrack.zn.params(300)

ipsuite/analysis/model/dynamics.py:374
  /home/julian/Documents/Uni/HiWi/IPSuite/ipsuite/analysis/model/dynamics.py:374: DeprecationWarning: Use 'zntrack.params' instead.
    save_last_n: int = zntrack.zn.params(1)

ipsuite/analysis/model/dynamics.py:375
  /home/julian/Documents/Uni/HiWi/IPSuite/ipsuite/analysis/model/dynamics.py:375: DeprecationWarning: Use 'zntrack.params' instead.
    bins: int = zntrack.zn.params(None)

ipsuite/analysis/model/dynamics.py:376
  /home/julian/Documents/Uni/HiWi/IPSuite/ipsuite/analysis/model/dynamics.py:376: DeprecationWarning: Use 'zntrack.params' instead.
    seed: int = zntrack.zn.params(0)

ipsuite/analysis/model/dynamics.py:378
  /home/julian/Documents/Uni/HiWi/IPSuite/ipsuite/analysis/model/dynamics.py:378: DeprecationWarning: Use 'zntrack.outs_path' instead.
    traj_file: pathlib.Path = zntrack.dvc.outs(zntrack.nwd / "trajectory.h5")

ipsuite/analysis/model/dynamics.py:379
  /home/julian/Documents/Uni/HiWi/IPSuite/ipsuite/analysis/model/dynamics.py:379: DeprecationWarning: Use 'zntrack.outs_path' instead.
    plots_dir: pathlib.Path = zntrack.dvc.outs(zntrack.nwd / "plots")

ipsuite/analysis/model/dynamics.py:380
  /home/julian/Documents/Uni/HiWi/IPSuite/ipsuite/analysis/model/dynamics.py:380: DeprecationWarning: Use 'zntrack.plots' instead.
    stable_steps_df: pd.DataFrame = zntrack.zn.plots()

ipsuite/analysis/model/dynamics_checks.py:81
  /home/julian/Documents/Uni/HiWi/IPSuite/ipsuite/analysis/model/dynamics_checks.py:81: DeprecationWarning: Use 'zntrack.params' instead.
    min_factor: float = zntrack.zn.params(0.5)

ipsuite/analysis/model/dynamics_checks.py:82
  /home/julian/Documents/Uni/HiWi/IPSuite/ipsuite/analysis/model/dynamics_checks.py:82: DeprecationWarning: Use 'zntrack.params' instead.
    max_factor: float = zntrack.zn.params(2.0)

ipsuite/analysis/model/dynamics_checks.py:123
  /home/julian/Documents/Uni/HiWi/IPSuite/ipsuite/analysis/model/dynamics_checks.py:123: DeprecationWarning: Use 'zntrack.params' instead.
    max_temperature: float = zntrack.zn.params(10000.0)

ipsuite/analysis/model/dynamics_checks.py:174
  /home/julian/Documents/Uni/HiWi/IPSuite/ipsuite/analysis/model/dynamics_checks.py:174: DeprecationWarning: Use 'zntrack.params' instead.
    value: str = zntrack.zn.params()

ipsuite/analysis/model/dynamics_checks.py:175
  /home/julian/Documents/Uni/HiWi/IPSuite/ipsuite/analysis/model/dynamics_checks.py:175: DeprecationWarning: Use 'zntrack.params' instead.
    max_std: float = zntrack.zn.params(None)

ipsuite/analysis/model/dynamics_checks.py:176
  /home/julian/Documents/Uni/HiWi/IPSuite/ipsuite/analysis/model/dynamics_checks.py:176: DeprecationWarning: Use 'zntrack.params' instead.
    window_size: int = zntrack.zn.params(500)

ipsuite/analysis/model/dynamics_checks.py:177
  /home/julian/Documents/Uni/HiWi/IPSuite/ipsuite/analysis/model/dynamics_checks.py:177: DeprecationWarning: Use 'zntrack.params' instead.
    max_value: float = zntrack.zn.params(None)

ipsuite/analysis/model/dynamics_checks.py:178
  /home/julian/Documents/Uni/HiWi/IPSuite/ipsuite/analysis/model/dynamics_checks.py:178: DeprecationWarning: Use 'zntrack.params' instead.
    minimum_window_size: int = zntrack.zn.params(1)

ipsuite/analysis/model/dynamics_checks.py:179
  /home/julian/Documents/Uni/HiWi/IPSuite/ipsuite/analysis/model/dynamics_checks.py:179: DeprecationWarning: Use 'zntrack.params' instead.
    larger_only: bool = zntrack.zn.params(False)

ipsuite/analysis/model/predict.py:61
  /home/julian/Documents/Uni/HiWi/IPSuite/ipsuite/analysis/model/predict.py:61: DeprecationWarning: Use 'zntrack.outs_path' instead.
    energy_df_file: pathlib.Path = zntrack.dvc.outs(zntrack.nwd / "energy_df.csv")

ipsuite/analysis/model/predict.py:62
  /home/julian/Documents/Uni/HiWi/IPSuite/ipsuite/analysis/model/predict.py:62: DeprecationWarning: Use 'zntrack.outs_path' instead.
    forces_df_file: pathlib.Path = zntrack.dvc.outs(zntrack.nwd / "forces_df.csv")

ipsuite/analysis/model/predict.py:63
  /home/julian/Documents/Uni/HiWi/IPSuite/ipsuite/analysis/model/predict.py:63: DeprecationWarning: Use 'zntrack.outs_path' instead.
    stress_df_file: pathlib.Path = zntrack.dvc.outs(zntrack.nwd / "stress_df.csv")

ipsuite/analysis/model/predict.py:64
  /home/julian/Documents/Uni/HiWi/IPSuite/ipsuite/analysis/model/predict.py:64: DeprecationWarning: Use 'zntrack.outs_path' instead.
    stress_hydrostatic_df_file: pathlib.Path = zntrack.dvc.outs(

ipsuite/analysis/model/predict.py:67
  /home/julian/Documents/Uni/HiWi/IPSuite/ipsuite/analysis/model/predict.py:67: DeprecationWarning: Use 'zntrack.outs_path' instead.
    stress_deviatoric_df_file: pathlib.Path = zntrack.dvc.outs(

ipsuite/analysis/model/predict.py:71
  /home/julian/Documents/Uni/HiWi/IPSuite/ipsuite/analysis/model/predict.py:71: DeprecationWarning: Use 'zntrack.metrics' instead.
    energy: dict = zntrack.zn.metrics()

ipsuite/analysis/model/predict.py:72
  /home/julian/Documents/Uni/HiWi/IPSuite/ipsuite/analysis/model/predict.py:72: DeprecationWarning: Use 'zntrack.metrics' instead.
    forces: dict = zntrack.zn.metrics()

ipsuite/analysis/model/predict.py:73
  /home/julian/Documents/Uni/HiWi/IPSuite/ipsuite/analysis/model/predict.py:73: DeprecationWarning: Use 'zntrack.metrics' instead.
    stress: dict = zntrack.zn.metrics()

ipsuite/analysis/model/predict.py:74
  /home/julian/Documents/Uni/HiWi/IPSuite/ipsuite/analysis/model/predict.py:74: DeprecationWarning: Use 'zntrack.metrics' instead.
    hydro_stress: dict = zntrack.zn.metrics()

ipsuite/analysis/model/predict.py:75
  /home/julian/Documents/Uni/HiWi/IPSuite/ipsuite/analysis/model/predict.py:75: DeprecationWarning: Use 'zntrack.metrics' instead.
    deviat_stress: dict = zntrack.zn.metrics()

ipsuite/analysis/model/predict.py:77
  /home/julian/Documents/Uni/HiWi/IPSuite/ipsuite/analysis/model/predict.py:77: DeprecationWarning: Use 'zntrack.outs_path' instead.
    plots_dir: pathlib.Path = zntrack.dvc.outs(zntrack.nwd / "plots")

ipsuite/analysis/model/predict.py:285
  /home/julian/Documents/Uni/HiWi/IPSuite/ipsuite/analysis/model/predict.py:285: DeprecationWarning: Use 'zntrack.outs_path' instead.
    plot: pathlib.Path = zntrack.dvc.outs(zntrack.nwd / "angle.png")

ipsuite/analysis/model/predict.py:286
  /home/julian/Documents/Uni/HiWi/IPSuite/ipsuite/analysis/model/predict.py:286: DeprecationWarning: Use 'zntrack.outs_path' instead.
    log_plot: pathlib.Path = zntrack.dvc.outs(zntrack.nwd / "angle_ylog.png")

ipsuite/analysis/model/predict.py:288
  /home/julian/Documents/Uni/HiWi/IPSuite/ipsuite/analysis/model/predict.py:288: DeprecationWarning: Use 'zntrack.metrics' instead.
    angles: dict = zntrack.zn.metrics()

ipsuite/analysis/model/predict.py:330
  /home/julian/Documents/Uni/HiWi/IPSuite/ipsuite/analysis/model/predict.py:330: DeprecationWarning: Use 'zntrack.metrics' instead.
    trans_forces: dict = zntrack.zn.metrics()

ipsuite/analysis/model/predict.py:331
  /home/julian/Documents/Uni/HiWi/IPSuite/ipsuite/analysis/model/predict.py:331: DeprecationWarning: Use 'zntrack.metrics' instead.
    rot_forces: dict = zntrack.zn.metrics()

ipsuite/analysis/model/predict.py:332
  /home/julian/Documents/Uni/HiWi/IPSuite/ipsuite/analysis/model/predict.py:332: DeprecationWarning: Use 'zntrack.metrics' instead.
    vib_forces: dict = zntrack.zn.metrics()

ipsuite/analysis/model/predict.py:333
  /home/julian/Documents/Uni/HiWi/IPSuite/ipsuite/analysis/model/predict.py:333: DeprecationWarning: Use 'zntrack.metrics' instead.
    wasserstein_distance = zntrack.zn.metrics()

ipsuite/analysis/model/predict.py:335
  /home/julian/Documents/Uni/HiWi/IPSuite/ipsuite/analysis/model/predict.py:335: DeprecationWarning: Use 'zntrack.outs_path' instead.
    rot_force_plt = zntrack.dvc.outs(zntrack.nwd / "rot_force.png")

ipsuite/analysis/model/predict.py:336
  /home/julian/Documents/Uni/HiWi/IPSuite/ipsuite/analysis/model/predict.py:336: DeprecationWarning: Use 'zntrack.outs_path' instead.
    trans_force_plt = zntrack.dvc.outs(zntrack.nwd / "trans_force.png")

ipsuite/analysis/model/predict.py:337
  /home/julian/Documents/Uni/HiWi/IPSuite/ipsuite/analysis/model/predict.py:337: DeprecationWarning: Use 'zntrack.outs_path' instead.
    vib_force_plt = zntrack.dvc.outs(zntrack.nwd / "vib_force.png")

ipsuite/analysis/model/predict.py:339
  /home/julian/Documents/Uni/HiWi/IPSuite/ipsuite/analysis/model/predict.py:339: DeprecationWarning: Use 'zntrack.outs_path' instead.
    histogram_plt = zntrack.dvc.outs(zntrack.nwd / "histogram.png")

ipsuite/analysis/bin_property.py:24
  /home/julian/Documents/Uni/HiWi/IPSuite/ipsuite/analysis/bin_property.py:24: DeprecationWarning: Use 'zntrack.params' instead.
    bins: int = zntrack.zn.params(None)

ipsuite/analysis/bin_property.py:25
  /home/julian/Documents/Uni/HiWi/IPSuite/ipsuite/analysis/bin_property.py:25: DeprecationWarning: Use 'zntrack.params' instead.
    x_lim: tuple = zntrack.zn.params(None)

ipsuite/analysis/bin_property.py:26
  /home/julian/Documents/Uni/HiWi/IPSuite/ipsuite/analysis/bin_property.py:26: DeprecationWarning: Use 'zntrack.params' instead.
    y_lim: tuple = zntrack.zn.params(None)

ipsuite/analysis/bin_property.py:27
  /home/julian/Documents/Uni/HiWi/IPSuite/ipsuite/analysis/bin_property.py:27: DeprecationWarning: Use 'zntrack.outs_path' instead.
    plots_dir: pathlib.Path = zntrack.dvc.outs(zntrack.nwd / "plots")

ipsuite/analysis/bin_property.py:28
  /home/julian/Documents/Uni/HiWi/IPSuite/ipsuite/analysis/bin_property.py:28: DeprecationWarning: Use 'zntrack.plots' instead.
    labels_df: pd.DataFrame = zntrack.zn.plots()

ipsuite/analysis/bin_property.py:34
  /home/julian/Documents/Uni/HiWi/IPSuite/ipsuite/analysis/bin_property.py:34: DeprecationWarning: Use 'zntrack.metrics' instead.
    metrics: float = zntrack.zn.metrics()

ipsuite/analysis/bin_property.py:154
  /home/julian/Documents/Uni/HiWi/IPSuite/ipsuite/analysis/bin_property.py:154: DeprecationWarning: Use 'zntrack.params' instead.
    bins: int = zntrack.zn.params(None)

ipsuite/analysis/bin_property.py:155
  /home/julian/Documents/Uni/HiWi/IPSuite/ipsuite/analysis/bin_property.py:155: DeprecationWarning: Use 'zntrack.outs_path' instead.
    plots_dir: pathlib.Path = zntrack.dvc.outs(zntrack.nwd / "plots")

ipsuite/analysis/bin_property.py:156
  /home/julian/Documents/Uni/HiWi/IPSuite/ipsuite/analysis/bin_property.py:156: DeprecationWarning: Use 'zntrack.plots' instead.
    labels_df: pd.DataFrame = zntrack.zn.plots()

ipsuite/analysis/bond_stretch.py:37
  /home/julian/Documents/Uni/HiWi/IPSuite/ipsuite/analysis/bond_stretch.py:37: DeprecationWarning: Use 'zntrack.params' instead.
    idxs = zntrack.zn.params()

ipsuite/analysis/bond_stretch.py:38
  /home/julian/Documents/Uni/HiWi/IPSuite/ipsuite/analysis/bond_stretch.py:38: DeprecationWarning: Use 'zntrack.params' instead.
    r_min = zntrack.zn.params()

ipsuite/analysis/bond_stretch.py:39
  /home/julian/Documents/Uni/HiWi/IPSuite/ipsuite/analysis/bond_stretch.py:39: DeprecationWarning: Use 'zntrack.params' instead.
    r_max = zntrack.zn.params()

ipsuite/analysis/bond_stretch.py:40
  /home/julian/Documents/Uni/HiWi/IPSuite/ipsuite/analysis/bond_stretch.py:40: DeprecationWarning: Use 'zntrack.params' instead.
    n_steps = zntrack.zn.params()

ipsuite/analysis/bond_stretch.py:41
  /home/julian/Documents/Uni/HiWi/IPSuite/ipsuite/analysis/bond_stretch.py:41: DeprecationWarning: Use 'zntrack.params' instead.
    data_id: typing.Optional[int] = zntrack.zn.params(0)

ipsuite/analysis/bond_stretch.py:42
  /home/julian/Documents/Uni/HiWi/IPSuite/ipsuite/analysis/bond_stretch.py:42: DeprecationWarning: Use 'zntrack.params' instead.
    fig_size = zntrack.zn.params((10, 7))

ipsuite/analysis/bond_stretch.py:44
  /home/julian/Documents/Uni/HiWi/IPSuite/ipsuite/analysis/bond_stretch.py:44: DeprecationWarning: Use 'zntrack.outs_path' instead.
    plots_dir: pathlib.Path = zntrack.dvc.outs(zntrack.nwd / "plots")

ipsuite/analysis/sensitivity.py:43
  /home/julian/Documents/Uni/HiWi/IPSuite/ipsuite/analysis/sensitivity.py:43: DeprecationWarning: Use 'zntrack.params' instead.
    atoms_list_id = zntrack.zn.params(0)  # the atoms object in the atoms list

ipsuite/analysis/sensitivity.py:44
  /home/julian/Documents/Uni/HiWi/IPSuite/ipsuite/analysis/sensitivity.py:44: DeprecationWarning: Use 'zntrack.params' instead.
    atom_id = zntrack.zn.params(0)  # the atom id to move

ipsuite/analysis/sensitivity.py:45
  /home/julian/Documents/Uni/HiWi/IPSuite/ipsuite/analysis/sensitivity.py:45: DeprecationWarning: Use 'zntrack.params' instead.
    scale = zntrack.zn.params(0.5)  # the standard deviation of the normal distribution

ipsuite/analysis/sensitivity.py:46
  /home/julian/Documents/Uni/HiWi/IPSuite/ipsuite/analysis/sensitivity.py:46: DeprecationWarning: Use 'zntrack.params' instead.
    seed = zntrack.zn.params(1234)

ipsuite/analysis/sensitivity.py:48
  /home/julian/Documents/Uni/HiWi/IPSuite/ipsuite/analysis/sensitivity.py:48: DeprecationWarning: Use 'zntrack.params' instead.
    samples = zntrack.zn.params(10)  # how many samples to take

ipsuite/analysis/sensitivity.py:50
  /home/julian/Documents/Uni/HiWi/IPSuite/ipsuite/analysis/sensitivity.py:50: DeprecationWarning: Use 'zntrack.outs' instead.
    atoms: list = zntrack.zn.outs()

ipsuite/analysis/sensitivity.py:51
  /home/julian/Documents/Uni/HiWi/IPSuite/ipsuite/analysis/sensitivity.py:51: DeprecationWarning: Use 'zntrack.outs_path' instead.
    atoms_path = zntrack.dvc.outs(zntrack.nwd / "atoms")

ipsuite/analysis/sensitivity.py:70
  /home/julian/Documents/Uni/HiWi/IPSuite/ipsuite/analysis/sensitivity.py:70: DeprecationWarning: Use 'zntrack.outs_path' instead.
    plots = zntrack.dvc.outs(zntrack.nwd / "plots")

ipsuite/analysis/sensitivity.py:111
  /home/julian/Documents/Uni/HiWi/IPSuite/ipsuite/analysis/sensitivity.py:111: DeprecationWarning: Use 'zntrack.params' instead.
    alpha: float = zntrack.zn.params(

ipsuite/analysis/sensitivity.py:115
  /home/julian/Documents/Uni/HiWi/IPSuite/ipsuite/analysis/sensitivity.py:115: DeprecationWarning: Use 'zntrack.plots' instead.
    sensitivity: pd.DataFrame = zntrack.zn.plots()

ipsuite/analysis/sensitivity.py:116
  /home/julian/Documents/Uni/HiWi/IPSuite/ipsuite/analysis/sensitivity.py:116: DeprecationWarning: Use 'zntrack.outs_path' instead.
    sensitivity_plot: str = zntrack.dvc.outs(zntrack.nwd / "sensitivity.png")

ipsuite/bootstrap/random_displacements.py:36
  /home/julian/Documents/Uni/HiWi/IPSuite/ipsuite/bootstrap/random_displacements.py:36: DeprecationWarning: Use 'zntrack.params' instead.
    n_configurations: int = zntrack.zn.params()

ipsuite/bootstrap/random_displacements.py:37
  /home/julian/Documents/Uni/HiWi/IPSuite/ipsuite/bootstrap/random_displacements.py:37: DeprecationWarning: Use 'zntrack.params' instead.
    maximum: float = zntrack.zn.params()

ipsuite/bootstrap/random_displacements.py:38
  /home/julian/Documents/Uni/HiWi/IPSuite/ipsuite/bootstrap/random_displacements.py:38: DeprecationWarning: Use 'zntrack.params' instead.
    include_original: bool = zntrack.zn.params(True)

ipsuite/bootstrap/random_displacements.py:39
  /home/julian/Documents/Uni/HiWi/IPSuite/ipsuite/bootstrap/random_displacements.py:39: DeprecationWarning: Use 'zntrack.params' instead.
    seed: int = zntrack.zn.params(0)

ipsuite/bootstrap/random_displacements.py:41
  /home/julian/Documents/Uni/HiWi/IPSuite/ipsuite/bootstrap/random_displacements.py:41: DeprecationWarning: Use 'zntrack.outs_path' instead.
    model_outs = zntrack.dvc.outs(zntrack.nwd / "model_outs")

ipsuite/configuration_selection/base.py:36
  /home/julian/Documents/Uni/HiWi/IPSuite/ipsuite/configuration_selection/base.py:36: DeprecationWarning: Use 'zntrack.outs' instead.
    selected_configurations: typing.Dict[str, typing.List[int]] = zntrack.zn.outs()

ipsuite/configuration_selection/index.py:19
  /home/julian/Documents/Uni/HiWi/IPSuite/ipsuite/configuration_selection/index.py:19: DeprecationWarning: Use 'zntrack.params' instead.
    indices = zntrack.zn.params()

ipsuite/configuration_selection/kernel.py:56
  /home/julian/Documents/Uni/HiWi/IPSuite/ipsuite/configuration_selection/kernel.py:56: DeprecationWarning: Use 'zntrack.params' instead.
    correlation_time: int = zntrack.zn.params(1)

ipsuite/configuration_selection/random.py:15
  /home/julian/Documents/Uni/HiWi/IPSuite/ipsuite/configuration_selection/random.py:15: DeprecationWarning: Use 'zntrack.params' instead.
    n_configurations = zntrack.zn.params()

ipsuite/configuration_selection/random.py:16
  /home/julian/Documents/Uni/HiWi/IPSuite/ipsuite/configuration_selection/random.py:16: DeprecationWarning: Use 'zntrack.params' instead.
    seed = zntrack.zn.params(1234)

ipsuite/configuration_selection/split.py:21
  /home/julian/Documents/Uni/HiWi/IPSuite/ipsuite/configuration_selection/split.py:21: DeprecationWarning: Use 'zntrack.params' instead.
    split = zntrack.zn.params()

ipsuite/configuration_selection/uniform_arange.py:21
  /home/julian/Documents/Uni/HiWi/IPSuite/ipsuite/configuration_selection/uniform_arange.py:21: DeprecationWarning: Use 'zntrack.params' instead.
    step = zntrack.zn.params()

ipsuite/configuration_selection/uniform_energetic.py:18
  /home/julian/Documents/Uni/HiWi/IPSuite/ipsuite/configuration_selection/uniform_energetic.py:18: DeprecationWarning: Use 'zntrack.params' instead.
    n_configurations = zntrack.zn.params()

ipsuite/configuration_selection/uniform_temporal.py:15
  /home/julian/Documents/Uni/HiWi/IPSuite/ipsuite/configuration_selection/uniform_temporal.py:15: DeprecationWarning: Use 'zntrack.params' instead.
    n_configurations = zntrack.zn.params()

ipsuite/data_loading/add_data_ase.py:55
  /home/julian/Documents/Uni/HiWi/IPSuite/ipsuite/data_loading/add_data_ase.py:55: DeprecationWarning: Use 'zntrack.deps_path' instead.
    file: typing.Union[str, pathlib.Path] = zntrack.dvc.deps()

ipsuite/data_loading/add_data_ase.py:56
  /home/julian/Documents/Uni/HiWi/IPSuite/ipsuite/data_loading/add_data_ase.py:56: DeprecationWarning: Use 'zntrack.params' instead.
    lines_to_read: int = zntrack.zn.params(None)

ipsuite/data_loading/add_data_h5md.py:17
  /home/julian/Documents/Uni/HiWi/IPSuite/ipsuite/data_loading/add_data_h5md.py:17: DeprecationWarning: Use 'zntrack.deps_path' instead.
    file = zntrack.dvc.deps()

../../../../miniconda3/envs/ipsuite/lib/python3.10/site-packages/apax/__init__.py:3
  /home/julian/miniconda3/envs/ipsuite/lib/python3.10/site-packages/apax/__init__.py:3: DeprecationWarning: Accessing jax.config via the jax.config submodule is deprecated.
    from jax.config import config as jax_config

../../../../miniconda3/envs/ipsuite/lib/python3.10/site-packages/flax/configurations.py:42
../../../../miniconda3/envs/ipsuite/lib/python3.10/site-packages/flax/configurations.py:42
../../../../miniconda3/envs/ipsuite/lib/python3.10/site-packages/flax/configurations.py:42
../../../../miniconda3/envs/ipsuite/lib/python3.10/site-packages/flax/configurations.py:42
../../../../miniconda3/envs/ipsuite/lib/python3.10/site-packages/flax/configurations.py:42
../../../../miniconda3/envs/ipsuite/lib/python3.10/site-packages/flax/configurations.py:42
  /home/julian/miniconda3/envs/ipsuite/lib/python3.10/site-packages/flax/configurations.py:42: DeprecationWarning: jax.config.define_bool_state is deprecated. Please use other libraries for configuration instead.
    return jax_config.define_bool_state('flax_' + name, default, help)

../../../../miniconda3/envs/ipsuite/lib/python3.10/site-packages/haiku/_src/dot.py:163
  /home/julian/miniconda3/envs/ipsuite/lib/python3.10/site-packages/haiku/_src/dot.py:163: DeprecationWarning: jax.linear_util.transformation is deprecated. Use jax.extend.linear_util.transformation instead.
    @jax.linear_util.transformation

../../../../miniconda3/envs/ipsuite/lib/python3.10/site-packages/chex/_src/pytypes.py:53
  /home/julian/miniconda3/envs/ipsuite/lib/python3.10/site-packages/chex/_src/pytypes.py:53: DeprecationWarning: jax.core.Shape is deprecated. Use Shape = Sequence[int | Any].
    Shape = jax.core.Shape

../../../../miniconda3/envs/ipsuite/lib/python3.10/site-packages/chex/_src/pytypes.py:54
  /home/julian/miniconda3/envs/ipsuite/lib/python3.10/site-packages/chex/_src/pytypes.py:54: DeprecationWarning: jax.random.KeyArray is deprecated. Use jax.Array for annotations, and jax.dtypes.issubdtype(arr.dtype, jax.dtypes.prng_key) for runtime detection of typed prng keys (i.e. keys created with jax.random.key).
  For more information, see https://jax.readthedocs.io/en/latest/jep/9263-typed-keys.html
    PRNGKey = jax.random.KeyArray

../../../../miniconda3/envs/ipsuite/lib/python3.10/site-packages/jax_md/rigid_body.py:76
  /home/julian/miniconda3/envs/ipsuite/lib/python3.10/site-packages/jax_md/rigid_body.py:76: DeprecationWarning: jax.random.KeyArray is deprecated. Use jax.Array for annotations, and jax.dtypes.issubdtype(arr.dtype, jax.dtypes.prng_key) for runtime detection of typed prng keys (i.e. keys created with jax.random.key).
  For more information, see https://jax.readthedocs.io/en/latest/jep/9263-typed-keys.html
    KeyArray = random.KeyArray

../../../../miniconda3/envs/ipsuite/lib/python3.10/site-packages/apax/layers/initializers.py:8
  /home/julian/miniconda3/envs/ipsuite/lib/python3.10/site-packages/apax/layers/initializers.py:8: DeprecationWarning: jax.random.KeyArray is deprecated. Use jax.Array for annotations, and jax.dtypes.issubdtype(arr.dtype, jax.dtypes.prng_key) for runtime detection of typed prng keys (i.e. keys created with jax.random.key).
  For more information, see https://jax.readthedocs.io/en/latest/jep/9263-typed-keys.html
    KeyArray = random.KeyArray

ipsuite/models/apax.py:16
  /home/julian/Documents/Uni/HiWi/IPSuite/ipsuite/models/apax.py:16: DeprecationWarning: Accessing jax.config via the jax.config submodule is deprecated.
    from jax.config import config

ipsuite/models/apax.py:48
  /home/julian/Documents/Uni/HiWi/IPSuite/ipsuite/models/apax.py:48: DeprecationWarning: Use 'zntrack.params_path' instead.
    config: str = dvc.params("apax.yaml")

ipsuite/models/apax.py:52
  /home/julian/Documents/Uni/HiWi/IPSuite/ipsuite/models/apax.py:52: DeprecationWarning: Use 'zntrack.outs_path' instead.
    model_directory: pathlib.Path = dvc.outs(zntrack.nwd / "apax_model")

ipsuite/models/apax.py:54
  /home/julian/Documents/Uni/HiWi/IPSuite/ipsuite/models/apax.py:54: DeprecationWarning: Use 'zntrack.outs_path' instead.
    train_data_file: pathlib.Path = dvc.outs(zntrack.nwd / "train_atoms.extxyz")

ipsuite/models/apax.py:55
  /home/julian/Documents/Uni/HiWi/IPSuite/ipsuite/models/apax.py:55: DeprecationWarning: Use 'zntrack.outs_path' instead.
    validation_data_file: pathlib.Path = dvc.outs(zntrack.nwd / "val_atoms.extxyz")

ipsuite/models/apax.py:57
  /home/julian/Documents/Uni/HiWi/IPSuite/ipsuite/models/apax.py:57: DeprecationWarning: Use 'zntrack.params' instead.
    jax_enable_x64: bool = zn.params(True)

ipsuite/models/apax.py:59
  /home/julian/Documents/Uni/HiWi/IPSuite/ipsuite/models/apax.py:59: DeprecationWarning: Use 'zntrack.plots_path' instead.
    metrics_epoch = dvc.plots(

ipsuite/models/apax.py:67
  /home/julian/Documents/Uni/HiWi/IPSuite/ipsuite/models/apax.py:67: DeprecationWarning: Use 'zntrack.metrics' instead.
    metrics = zn.metrics()

ipsuite/calculators/apax_jax_md.py:37
  /home/julian/Documents/Uni/HiWi/IPSuite/ipsuite/calculators/apax_jax_md.py:37: DeprecationWarning: Use 'zntrack.params' instead.
    repeat = zn.params(None)

ipsuite/calculators/apax_jax_md.py:39
  /home/julian/Documents/Uni/HiWi/IPSuite/ipsuite/calculators/apax_jax_md.py:39: DeprecationWarning: Use 'zntrack.params' instead.
    md_parameter: dict = zn.params(None)

ipsuite/calculators/apax_jax_md.py:40
  /home/julian/Documents/Uni/HiWi/IPSuite/ipsuite/calculators/apax_jax_md.py:40: DeprecationWarning: Use 'zntrack.params_path' instead.
    md_parameter_file: str = dvc.params(None)

ipsuite/calculators/apax_jax_md.py:42
  /home/julian/Documents/Uni/HiWi/IPSuite/ipsuite/calculators/apax_jax_md.py:42: DeprecationWarning: Use 'zntrack.outs_path' instead.
    sim_dir: pathlib.Path = dvc.outs(zntrack.nwd / "md")

ipsuite/calculators/apax_jax_md.py:43
  /home/julian/Documents/Uni/HiWi/IPSuite/ipsuite/calculators/apax_jax_md.py:43: DeprecationWarning: Use 'zntrack.outs_path' instead.
    init_struc_dir: pathlib.Path = dvc.outs(zntrack.nwd / "initial_structure.extxyz")

ipsuite/calculators/ase_geoopt.py:29
  /home/julian/Documents/Uni/HiWi/IPSuite/ipsuite/calculators/ase_geoopt.py:29: DeprecationWarning: Use 'zntrack.outs_path' instead.
    model_outs = zntrack.dvc.outs(zntrack.nwd / "model_outs")

ipsuite/calculators/ase_geoopt.py:30
  /home/julian/Documents/Uni/HiWi/IPSuite/ipsuite/calculators/ase_geoopt.py:30: DeprecationWarning: Use 'zntrack.params' instead.
    optimizer: str = zntrack.zn.params("FIRE")

ipsuite/calculators/ase_geoopt.py:33
  /home/julian/Documents/Uni/HiWi/IPSuite/ipsuite/calculators/ase_geoopt.py:33: DeprecationWarning: Use 'zntrack.params' instead.
    repeat: list = zntrack.zn.params([1, 1, 1])

ipsuite/calculators/ase_geoopt.py:34
  /home/julian/Documents/Uni/HiWi/IPSuite/ipsuite/calculators/ase_geoopt.py:34: DeprecationWarning: Use 'zntrack.params' instead.
    run_kwargs: dict = zntrack.zn.params({"fmax": 0.05})

ipsuite/calculators/ase_geoopt.py:35
  /home/julian/Documents/Uni/HiWi/IPSuite/ipsuite/calculators/ase_geoopt.py:35: DeprecationWarning: Use 'zntrack.params' instead.
    init_kwargs: dict = zntrack.zn.params({})

ipsuite/calculators/ase_geoopt.py:36
  /home/julian/Documents/Uni/HiWi/IPSuite/ipsuite/calculators/ase_geoopt.py:36: DeprecationWarning: Use 'zntrack.params' instead.
    dump_rate = zntrack.zn.params(1000)

ipsuite/calculators/ase_geoopt.py:38
  /home/julian/Documents/Uni/HiWi/IPSuite/ipsuite/calculators/ase_geoopt.py:38: DeprecationWarning: Use 'zntrack.outs_path' instead.
    traj_file: pathlib.Path = zntrack.dvc.outs(zntrack.nwd / "trajectory.h5")

ipsuite/calculators/ase_geoopt.py:122
  /home/julian/Documents/Uni/HiWi/IPSuite/ipsuite/calculators/ase_geoopt.py:122: DeprecationWarning: Use 'zntrack.deps' instead.
    model = zntrack.zn.deps()

ipsuite/calculators/ase_geoopt.py:123
  /home/julian/Documents/Uni/HiWi/IPSuite/ipsuite/calculators/ase_geoopt.py:123: DeprecationWarning: Use 'zntrack.outs_path' instead.
    model_outs = zntrack.dvc.outs(zntrack.nwd / "model_outs")

ipsuite/calculators/ase_geoopt.py:124
  /home/julian/Documents/Uni/HiWi/IPSuite/ipsuite/calculators/ase_geoopt.py:124: DeprecationWarning: Use 'zntrack.params' instead.
    optimizer: str = zntrack.zn.params("FIRE")

ipsuite/calculators/ase_geoopt.py:125
  /home/julian/Documents/Uni/HiWi/IPSuite/ipsuite/calculators/ase_geoopt.py:125: DeprecationWarning: Use 'zntrack.outs_path' instead.
    traj: pathlib.Path = zntrack.dvc.outs(zntrack.nwd / "optim.traj")

ipsuite/calculators/ase_geoopt.py:126
  /home/julian/Documents/Uni/HiWi/IPSuite/ipsuite/calculators/ase_geoopt.py:126: DeprecationWarning: Use 'zntrack.outs_path' instead.
    optimized_structures: pathlib.Path = zntrack.dvc.outs(zntrack.nwd / "final.traj")

ipsuite/calculators/ase_geoopt.py:128
  /home/julian/Documents/Uni/HiWi/IPSuite/ipsuite/calculators/ase_geoopt.py:128: DeprecationWarning: Use 'zntrack.params' instead.
    repeat: list = zntrack.zn.params([1, 1, 1])

ipsuite/calculators/ase_geoopt.py:129
  /home/julian/Documents/Uni/HiWi/IPSuite/ipsuite/calculators/ase_geoopt.py:129: DeprecationWarning: Use 'zntrack.params' instead.
    run_kwargs: dict = zntrack.zn.params({"fmax": 0.05})

ipsuite/calculators/ase_geoopt.py:130
  /home/julian/Documents/Uni/HiWi/IPSuite/ipsuite/calculators/ase_geoopt.py:130: DeprecationWarning: Use 'zntrack.params' instead.
    init_kwargs: dict = zntrack.zn.params({})

ipsuite/calculators/ase_md.py:88
  /home/julian/Documents/Uni/HiWi/IPSuite/ipsuite/calculators/ase_md.py:88: DeprecationWarning: Use 'zntrack.params' instead.
    end_cell: int = zntrack.zn.params(None)

ipsuite/calculators/ase_md.py:89
  /home/julian/Documents/Uni/HiWi/IPSuite/ipsuite/calculators/ase_md.py:89: DeprecationWarning: Use 'zntrack.params' instead.
    cell_amplitude: typing.Union[float, list[float]] = zntrack.zn.params()

ipsuite/calculators/ase_md.py:90
  /home/julian/Documents/Uni/HiWi/IPSuite/ipsuite/calculators/ase_md.py:90: DeprecationWarning: Use 'zntrack.params' instead.
    num_oscillations: float = zntrack.zn.params()

ipsuite/calculators/ase_md.py:91
  /home/julian/Documents/Uni/HiWi/IPSuite/ipsuite/calculators/ase_md.py:91: DeprecationWarning: Use 'zntrack.params' instead.
    num_ramp_oscillations: float = zntrack.zn.params(None)

ipsuite/calculators/ase_md.py:92
  /home/julian/Documents/Uni/HiWi/IPSuite/ipsuite/calculators/ase_md.py:92: DeprecationWarning: Use 'zntrack.params' instead.
    interval: int = zntrack.zn.params(1)

ipsuite/calculators/ase_md.py:151
  /home/julian/Documents/Uni/HiWi/IPSuite/ipsuite/calculators/ase_md.py:151: DeprecationWarning: Use 'zntrack.params' instead.
    start_temperature: float = zntrack.zn.params(None)

ipsuite/calculators/ase_md.py:152
  /home/julian/Documents/Uni/HiWi/IPSuite/ipsuite/calculators/ase_md.py:152: DeprecationWarning: Use 'zntrack.params' instead.
    temperature: float = zntrack.zn.params()

ipsuite/calculators/ase_md.py:153
  /home/julian/Documents/Uni/HiWi/IPSuite/ipsuite/calculators/ase_md.py:153: DeprecationWarning: Use 'zntrack.params' instead.
    interval: int = zntrack.zn.params(1)

ipsuite/calculators/ase_md.py:190
  /home/julian/Documents/Uni/HiWi/IPSuite/ipsuite/calculators/ase_md.py:190: DeprecationWarning: Use 'zntrack.params' instead.
    start_temperature: float = zntrack.zn.params(None)

ipsuite/calculators/ase_md.py:191
  /home/julian/Documents/Uni/HiWi/IPSuite/ipsuite/calculators/ase_md.py:191: DeprecationWarning: Use 'zntrack.params' instead.
    end_temperature: float = zntrack.zn.params()

ipsuite/calculators/ase_md.py:192
  /home/julian/Documents/Uni/HiWi/IPSuite/ipsuite/calculators/ase_md.py:192: DeprecationWarning: Use 'zntrack.params' instead.
    temperature_amplitude: float = zntrack.zn.params()

ipsuite/calculators/ase_md.py:193
  /home/julian/Documents/Uni/HiWi/IPSuite/ipsuite/calculators/ase_md.py:193: DeprecationWarning: Use 'zntrack.params' instead.
    num_oscillations: float = zntrack.zn.params()

ipsuite/calculators/ase_md.py:194
  /home/julian/Documents/Uni/HiWi/IPSuite/ipsuite/calculators/ase_md.py:194: DeprecationWarning: Use 'zntrack.params' instead.
    interval: int = zntrack.zn.params(1)

ipsuite/calculators/ase_md.py:233
  /home/julian/Documents/Uni/HiWi/IPSuite/ipsuite/calculators/ase_md.py:233: DeprecationWarning: Use 'zntrack.params' instead.
    start_pressure_au: float = zntrack.zn.params(None)

ipsuite/calculators/ase_md.py:234
  /home/julian/Documents/Uni/HiWi/IPSuite/ipsuite/calculators/ase_md.py:234: DeprecationWarning: Use 'zntrack.params' instead.
    end_pressure_au: float = zntrack.zn.params()

ipsuite/calculators/ase_md.py:235
  /home/julian/Documents/Uni/HiWi/IPSuite/ipsuite/calculators/ase_md.py:235: DeprecationWarning: Use 'zntrack.params' instead.
    interval: int = zntrack.zn.params(1)

ipsuite/calculators/ase_md.py:265
  /home/julian/Documents/Uni/HiWi/IPSuite/ipsuite/calculators/ase_md.py:265: DeprecationWarning: Use 'zntrack.params' instead.
    time_step: int = zntrack.zn.params()

ipsuite/calculators/ase_md.py:266
  /home/julian/Documents/Uni/HiWi/IPSuite/ipsuite/calculators/ase_md.py:266: DeprecationWarning: Use 'zntrack.params' instead.
    temperature: float = zntrack.zn.params()

ipsuite/calculators/ase_md.py:267
  /home/julian/Documents/Uni/HiWi/IPSuite/ipsuite/calculators/ase_md.py:267: DeprecationWarning: Use 'zntrack.params' instead.
    friction: float = zntrack.zn.params()

ipsuite/calculators/ase_md.py:307
  /home/julian/Documents/Uni/HiWi/IPSuite/ipsuite/calculators/ase_md.py:307: DeprecationWarning: Use 'zntrack.params' instead.
    time_step: float = zntrack.zn.params()

ipsuite/calculators/ase_md.py:308
  /home/julian/Documents/Uni/HiWi/IPSuite/ipsuite/calculators/ase_md.py:308: DeprecationWarning: Use 'zntrack.params' instead.
    temperature: float = zntrack.zn.params()

ipsuite/calculators/ase_md.py:309
  /home/julian/Documents/Uni/HiWi/IPSuite/ipsuite/calculators/ase_md.py:309: DeprecationWarning: Use 'zntrack.params' instead.
    pressure: float = zntrack.zn.params()

ipsuite/calculators/ase_md.py:310
  /home/julian/Documents/Uni/HiWi/IPSuite/ipsuite/calculators/ase_md.py:310: DeprecationWarning: Use 'zntrack.params' instead.
    ttime: float = zntrack.zn.params()

ipsuite/calculators/ase_md.py:311
  /home/julian/Documents/Uni/HiWi/IPSuite/ipsuite/calculators/ase_md.py:311: DeprecationWarning: Use 'zntrack.params' instead.
    pfactor: float = zntrack.zn.params()

ipsuite/calculators/ase_md.py:312
  /home/julian/Documents/Uni/HiWi/IPSuite/ipsuite/calculators/ase_md.py:312: DeprecationWarning: Use 'zntrack.params' instead.
    tetragonal_strain: bool = zntrack.zn.params(True)

ipsuite/calculators/ase_md.py:352
  /home/julian/Documents/Uni/HiWi/IPSuite/ipsuite/calculators/ase_md.py:352: DeprecationWarning: Use 'zntrack.params' instead.
    atom_id = zntrack.zn.params(None)

ipsuite/calculators/ase_md.py:353
  /home/julian/Documents/Uni/HiWi/IPSuite/ipsuite/calculators/ase_md.py:353: DeprecationWarning: Use 'zntrack.params' instead.
    atom_type = zntrack.zn.params(None)

ipsuite/calculators/ase_md.py:354
  /home/julian/Documents/Uni/HiWi/IPSuite/ipsuite/calculators/ase_md.py:354: DeprecationWarning: Use 'zntrack.params' instead.
    radius = zntrack.zn.params()

ipsuite/calculators/ase_md.py:451
  /home/julian/Documents/Uni/HiWi/IPSuite/ipsuite/calculators/ase_md.py:451: DeprecationWarning: Use 'zntrack.outs_path' instead.
    model_outs = zntrack.dvc.outs(zntrack.nwd / "model/")

ipsuite/calculators/ase_md.py:457
  /home/julian/Documents/Uni/HiWi/IPSuite/ipsuite/calculators/ase_md.py:457: DeprecationWarning: Use 'zntrack.params' instead.
    steps: int = zntrack.zn.params()

ipsuite/calculators/ase_md.py:458
  /home/julian/Documents/Uni/HiWi/IPSuite/ipsuite/calculators/ase_md.py:458: DeprecationWarning: Use 'zntrack.params' instead.
    sampling_rate = zntrack.zn.params(1)

ipsuite/calculators/ase_md.py:459
  /home/julian/Documents/Uni/HiWi/IPSuite/ipsuite/calculators/ase_md.py:459: DeprecationWarning: Use 'zntrack.params' instead.
    repeat = zntrack.zn.params((1, 1, 1))

ipsuite/calculators/ase_md.py:460
  /home/julian/Documents/Uni/HiWi/IPSuite/ipsuite/calculators/ase_md.py:460: DeprecationWarning: Use 'zntrack.params' instead.
    dump_rate = zntrack.zn.params(1000)

ipsuite/calculators/ase_md.py:461
  /home/julian/Documents/Uni/HiWi/IPSuite/ipsuite/calculators/ase_md.py:461: DeprecationWarning: Use 'zntrack.params' instead.
    pop_last = zntrack.zn.params(False)

ipsuite/calculators/ase_md.py:462
  /home/julian/Documents/Uni/HiWi/IPSuite/ipsuite/calculators/ase_md.py:462: DeprecationWarning: Use 'zntrack.params' instead.
    use_momenta = zntrack.zn.params(False)

ipsuite/calculators/ase_md.py:466
  /home/julian/Documents/Uni/HiWi/IPSuite/ipsuite/calculators/ase_md.py:466: DeprecationWarning: Use 'zntrack.plots' instead.
    metrics_dict = zntrack.zn.plots()

ipsuite/calculators/ase_md.py:468
  /home/julian/Documents/Uni/HiWi/IPSuite/ipsuite/calculators/ase_md.py:468: DeprecationWarning: Use 'zntrack.metrics' instead.
    steps_before_stopping = zntrack.zn.metrics()

ipsuite/calculators/ase_md.py:470
  /home/julian/Documents/Uni/HiWi/IPSuite/ipsuite/calculators/ase_md.py:470: DeprecationWarning: Use 'zntrack.outs_path' instead.
    traj_file: pathlib.Path = zntrack.dvc.outs(zntrack.nwd / "trajectory.h5")

ipsuite/calculators/orca.py:10
  /home/julian/Documents/Uni/HiWi/IPSuite/ipsuite/calculators/orca.py:10: DeprecationWarning: Use 'zntrack.params' instead.
    orcasimpleinput: str = zntrack.zn.params("B3LYP def2-TZVP")

ipsuite/calculators/orca.py:11
  /home/julian/Documents/Uni/HiWi/IPSuite/ipsuite/calculators/orca.py:11: DeprecationWarning: Use 'zntrack.params' instead.
    orcablocks: str = zntrack.zn.params("%pal nprocs 16 end")

ipsuite/calculators/orca.py:14
  /home/julian/Documents/Uni/HiWi/IPSuite/ipsuite/calculators/orca.py:14: DeprecationWarning: Use 'zntrack.outs_path' instead.
    orca_directory: str = zntrack.dvc.outs(zntrack.nwd / "orca")

ipsuite/calculators/orca.py:15
  /home/julian/Documents/Uni/HiWi/IPSuite/ipsuite/calculators/orca.py:15: DeprecationWarning: Use 'zntrack.outs_path' instead.
    output_file: str = zntrack.dvc.outs(zntrack.nwd / "atoms.h5")

ipsuite/calculators/xtb.py:21
  /home/julian/Documents/Uni/HiWi/IPSuite/ipsuite/calculators/xtb.py:21: DeprecationWarning: Use 'zntrack.params' instead.
    method: str = zntrack.zn.params("GFN1-xTB")

ipsuite/configuration_comparison/base.py:145
  /home/julian/Documents/Uni/HiWi/IPSuite/ipsuite/configuration_comparison/base.py:145: DeprecationWarning: Use 'zntrack.plots' instead.
    similarities = zntrack.zn.plots()

ipsuite/configuration_comparison/base.py:146
  /home/julian/Documents/Uni/HiWi/IPSuite/ipsuite/configuration_comparison/base.py:146: DeprecationWarning: Use 'zntrack.params' instead.
    soap: typing.Union[dict, SOAPParameter] = zntrack.zn.params(SOAPParameter())

ipsuite/configuration_comparison/base.py:147
  /home/julian/Documents/Uni/HiWi/IPSuite/ipsuite/configuration_comparison/base.py:147: DeprecationWarning: Use 'zntrack.outs' instead.
    result: typing.List[float] = zntrack.zn.outs()

ipsuite/configuration_comparison/REMatch.py:31
  /home/julian/Documents/Uni/HiWi/IPSuite/ipsuite/configuration_comparison/REMatch.py:31: DeprecationWarning: Use 'zntrack.params' instead.
    metric: str = zntrack.zn.params("linear")

ipsuite/configuration_comparison/REMatch.py:32
  /home/julian/Documents/Uni/HiWi/IPSuite/ipsuite/configuration_comparison/REMatch.py:32: DeprecationWarning: Use 'zntrack.params' instead.
    alpha: float = zntrack.zn.params(1.0)

ipsuite/configuration_comparison/REMatch.py:33
  /home/julian/Documents/Uni/HiWi/IPSuite/ipsuite/configuration_comparison/REMatch.py:33: DeprecationWarning: Use 'zntrack.params' instead.
    threshold: float = zntrack.zn.params(1e-6)

ipsuite/configuration_generation/smiles_to_atoms.py:15
  /home/julian/Documents/Uni/HiWi/IPSuite/ipsuite/configuration_generation/smiles_to_atoms.py:15: DeprecationWarning: Use 'zntrack.params' instead.
    smiles: str = zntrack.zn.params()

ipsuite/configuration_generation/smiles_to_atoms.py:16
  /home/julian/Documents/Uni/HiWi/IPSuite/ipsuite/configuration_generation/smiles_to_atoms.py:16: DeprecationWarning: Use 'zntrack.params' instead.
    cell: float = zntrack.zn.params(None)

ipsuite/configuration_generation/smiles_to_atoms.py:17
  /home/julian/Documents/Uni/HiWi/IPSuite/ipsuite/configuration_generation/smiles_to_atoms.py:17: DeprecationWarning: Use 'zntrack.params' instead.
    seed: int = zntrack.zn.params(1234)

ipsuite/configuration_generation/smiles_to_atoms.py:18
  /home/julian/Documents/Uni/HiWi/IPSuite/ipsuite/configuration_generation/smiles_to_atoms.py:18: DeprecationWarning: Use 'zntrack.params' instead.
    optimizer: str = zntrack.zn.params("UFF")

ipsuite/configuration_generation/smiles_to_atoms.py:19
  /home/julian/Documents/Uni/HiWi/IPSuite/ipsuite/configuration_generation/smiles_to_atoms.py:19: DeprecationWarning: Use 'zntrack.outs_path' instead.
    image: pathlib.Path = zntrack.dvc.outs(zntrack.nwd / "molecule.png")

ipsuite/configuration_generation/smiles_to_atoms.py:50
  /home/julian/Documents/Uni/HiWi/IPSuite/ipsuite/configuration_generation/smiles_to_atoms.py:50: DeprecationWarning: Use 'zntrack.params' instead.
    smiles: str = zntrack.zn.params()

ipsuite/configuration_generation/smiles_to_atoms.py:51
  /home/julian/Documents/Uni/HiWi/IPSuite/ipsuite/configuration_generation/smiles_to_atoms.py:51: DeprecationWarning: Use 'zntrack.params' instead.
    numConfs: int = zntrack.zn.params()

ipsuite/configuration_generation/smiles_to_atoms.py:52
  /home/julian/Documents/Uni/HiWi/IPSuite/ipsuite/configuration_generation/smiles_to_atoms.py:52: DeprecationWarning: Use 'zntrack.params' instead.
    seed: int = zntrack.zn.params(42)

ipsuite/configuration_generation/smiles_to_atoms.py:53
  /home/julian/Documents/Uni/HiWi/IPSuite/ipsuite/configuration_generation/smiles_to_atoms.py:53: DeprecationWarning: Use 'zntrack.params' instead.
    maxAttempts: int = zntrack.zn.params(1000)

ipsuite/configuration_generation/smiles_to_atoms.py:54
  /home/julian/Documents/Uni/HiWi/IPSuite/ipsuite/configuration_generation/smiles_to_atoms.py:54: DeprecationWarning: Use 'zntrack.params' instead.
    cell: float = zntrack.zn.params(100)

ipsuite/models/ensemble.py:57
  /home/julian/Documents/Uni/HiWi/IPSuite/ipsuite/models/ensemble.py:57: DeprecationWarning: Use 'zntrack.outs' instead.
    uuid = zntrack.zn.outs()  # to connect this Node to other Nodes it requires an output.

ipsuite/models/gap.py:201
  /home/julian/Documents/Uni/HiWi/IPSuite/ipsuite/models/gap.py:201: DeprecationWarning: Use 'zntrack.params' instead.
    soap: typing.Union[dict, SOAP] = zntrack.zn.params(SOAP())

ipsuite/models/gap.py:203
  /home/julian/Documents/Uni/HiWi/IPSuite/ipsuite/models/gap.py:203: DeprecationWarning: Use 'zntrack.params' instead.
    distance_nb: typing.Union[dict, DistanceNb] = zntrack.zn.params(DistanceNb())

ipsuite/models/gap.py:205
  /home/julian/Documents/Uni/HiWi/IPSuite/ipsuite/models/gap.py:205: DeprecationWarning: Use 'zntrack.params' instead.
    gap: typing.Union[dict, GapParameter] = zntrack.zn.params(GapParameter())

ipsuite/models/gap.py:207
  /home/julian/Documents/Uni/HiWi/IPSuite/ipsuite/models/gap.py:207: DeprecationWarning: Use 'zntrack.outs_path' instead.
    model_directory: Path = zntrack.dvc.outs(zntrack.nwd / "model")

ipsuite/models/gap.py:208
  /home/julian/Documents/Uni/HiWi/IPSuite/ipsuite/models/gap.py:208: DeprecationWarning: Use 'zntrack.outs_path' instead.
    train_data_file: Path = zntrack.dvc.outs(zntrack.nwd / "train_atoms.extxyz")

ipsuite/models/gap.py:209
  /home/julian/Documents/Uni/HiWi/IPSuite/ipsuite/models/gap.py:209: DeprecationWarning: Use 'zntrack.outs_path' instead.
    gap_input_script: Path = zntrack.dvc.outs(zntrack.nwd / "gap.input")

ipsuite/models/gap.py:210
  /home/julian/Documents/Uni/HiWi/IPSuite/ipsuite/models/gap.py:210: DeprecationWarning: Use 'zntrack.outs_path' instead.
    _train_idx_file: Path = zntrack.dvc.outs(zntrack.nwd / "train_atoms.extxyz.idx")

ipsuite/models/mace_model.py:38
  /home/julian/Documents/Uni/HiWi/IPSuite/ipsuite/models/mace_model.py:38: DeprecationWarning: Use 'zntrack.outs_path' instead.
    train_data_file: pathlib.Path = zntrack.dvc.outs(zntrack.nwd / "train-data.extxyz")

ipsuite/models/mace_model.py:41
  /home/julian/Documents/Uni/HiWi/IPSuite/ipsuite/models/mace_model.py:41: DeprecationWarning: Use 'zntrack.outs_path' instead.
    test_data_file: pathlib.Path = zntrack.dvc.outs(zntrack.nwd / "test-data.extxyz")

ipsuite/models/mace_model.py:42
  /home/julian/Documents/Uni/HiWi/IPSuite/ipsuite/models/mace_model.py:42: DeprecationWarning: Use 'zntrack.outs_path' instead.
    model_dir: pathlib.Path = zntrack.dvc.outs(zntrack.nwd / "model")

ipsuite/models/mace_model.py:44
  /home/julian/Documents/Uni/HiWi/IPSuite/ipsuite/models/mace_model.py:44: DeprecationWarning: Use 'zntrack.params_path' instead.
    config: str = zntrack.dvc.params("mace.yaml")

ipsuite/models/mace_model.py:47
  /home/julian/Documents/Uni/HiWi/IPSuite/ipsuite/models/mace_model.py:47: DeprecationWarning: Use 'zntrack.plots_path' instead.
    training: pathlib.Path = zntrack.dvc.plots(

ipsuite/models/nequip.py:41
  /home/julian/Documents/Uni/HiWi/IPSuite/ipsuite/models/nequip.py:41: DeprecationWarning: Use 'zntrack.params_path' instead.
    config: str = zntrack.dvc.params()

ipsuite/models/nequip.py:44
  /home/julian/Documents/Uni/HiWi/IPSuite/ipsuite/models/nequip.py:44: DeprecationWarning: Use 'zntrack.outs_path' instead.
    train_data_file: pathlib.Path = zntrack.dvc.outs(zntrack.nwd / "train.extxyz")

ipsuite/models/nequip.py:45
  /home/julian/Documents/Uni/HiWi/IPSuite/ipsuite/models/nequip.py:45: DeprecationWarning: Use 'zntrack.outs_path' instead.
    validation_data_file: pathlib.Path = zntrack.dvc.outs(

ipsuite/models/nequip.py:49
  /home/julian/Documents/Uni/HiWi/IPSuite/ipsuite/models/nequip.py:49: DeprecationWarning: Use 'zntrack.outs_path' instead.
    deployed_model: pathlib.Path = zntrack.dvc.outs(zntrack.nwd / "deployed_model.pth")

ipsuite/models/nequip.py:50
  /home/julian/Documents/Uni/HiWi/IPSuite/ipsuite/models/nequip.py:50: DeprecationWarning: Use 'zntrack.outs_path' instead.
    model_directory: pathlib.Path = zntrack.dvc.outs(zntrack.nwd / "model")

ipsuite/models/nequip.py:52
  /home/julian/Documents/Uni/HiWi/IPSuite/ipsuite/models/nequip.py:52: DeprecationWarning: Use 'zntrack.plots_path' instead.
    metrics_batch_train = zntrack.dvc.plots(

ipsuite/models/nequip.py:55
  /home/julian/Documents/Uni/HiWi/IPSuite/ipsuite/models/nequip.py:55: DeprecationWarning: Use 'zntrack.plots_path' instead.
    metrics_batch_val = zntrack.dvc.plots(

ipsuite/models/nequip.py:58
  /home/julian/Documents/Uni/HiWi/IPSuite/ipsuite/models/nequip.py:58: DeprecationWarning: Use 'zntrack.plots_path' instead.
    metrics_epoch = zntrack.dvc.plots(

ipsuite/models/nequip.py:66
  /home/julian/Documents/Uni/HiWi/IPSuite/ipsuite/models/nequip.py:66: DeprecationWarning: Use 'zntrack.metrics' instead.
    metrics = zntrack.zn.metrics()

-- Docs: https://docs.pytest.org/en/stable/how-to/capture-warnings.html
=========================== short test summary info ============================
FAILED ipsuite/utils/combine.py::ipsuite.utils.combine.get_flat_data_from_dict
FAILED ipsuite/utils/combine.py::ipsuite.utils.combine.get_ids_per_key
================== 2 failed, 2 passed, 243 warnings in 11.43s ==================
F